<?xml version="1.0" encoding="UTF-8"?>
<!-- Generated by org.testng.reporters.JUnitReportReporter -->
<testsuite hostname="NODE140" name="com.company.testclasses.GoogleTest" tests="1" failures="0" timestamp="6 Nov 2014 10:39:35 GMT" time="10.022" errors="0">
  <testcase name="t" time="10.022" classname="com.company.testclasses.GoogleTest"/>
</testsuite> <!-- com.company.testclasses.GoogleTest -->
